15:12:14.081 [main                     ] DEBUG Logger               - Configured Logger
15:12:14.087 [main                     ] DEBUG GameApplication      - Logging settings
Title: Arkanoid FX
Version: 0.4
Width: 1920
Height: 1080
Fullscreen: true
Intro: false
Profiling: false
Single step:false
App Mode: DEVELOPER
Menu Key: ESCAPE
Stage Style: DECORATED
Scene Factory: class com.almasb.fxgl.app.scene.SceneFactory

15:12:14.935 [JavaFX Application Thread] DEBUG FXGLApplication      - Initializing FXGL
15:12:14.937 [JavaFX Application Thread] INFO  Engine               - FXGL-21.1 (27.03.2024 07.52) on WINDOWS (J:25 FX:21.0.8)
15:12:14.937 [JavaFX Application Thread] DEBUG Engine               - JRE Vendor Name: Oracle Corporation
15:12:14.937 [JavaFX Application Thread] DEBUG Engine               - Running on OS: Windows 11 version 10.0
15:12:14.938 [JavaFX Application Thread] DEBUG Engine               - Architecture: amd64
15:12:14.938 [JavaFX Application Thread] INFO  Engine               - Source code and latest versions at: https://github.com/AlmasB/FXGL
15:12:14.938 [JavaFX Application Thread] INFO  Engine               -       Ask questions and discuss at: https://github.com/AlmasB/FXGL/discussions
15:12:14.938 [JavaFX Application Thread] INFO  Engine               -              Join the FXGL chat at: https://gitter.im/AlmasB/FXGL
15:12:15.015 [JavaFX Application Thread] DEBUG PrimaryStageWindow   - Creating a JavaFX scene
15:12:15.016 [JavaFX Application Thread] DEBUG PrimaryStageWindow   - Target size > screen size
15:12:15.091 [JavaFX Application Thread] DEBUG PrimaryStageWindow   - Target settings size: 1920.0 x 1080.0
15:12:15.091 [JavaFX Application Thread] DEBUG PrimaryStageWindow   - Scaled scene size:    1511.0 x 864.0
15:12:15.092 [JavaFX Application Thread] DEBUG PrimaryStageWindow   - Scaled ratio: (0.7869791666666667, 0.8)
15:12:15.093 [JavaFX Application Thread] DEBUG PrimaryStageWindow   - Set initial scene to FXGLStartupScene
15:12:15.096 [JavaFX Application Thread] DEBUG PrimaryStageWindow   - Opening main window
15:12:15.188 [JavaFX Application Thread] DEBUG PrimaryStageWindow   - Window border size: (14.5999755859375, 37.5999755859375)
15:12:15.188 [JavaFX Application Thread] DEBUG PrimaryStageWindow   - Scaled size: 1511.0 x 864.0
15:12:15.188 [JavaFX Application Thread] DEBUG PrimaryStageWindow   - Scaled ratio: (0.7869791666666667, 0.8)
15:12:15.188 [JavaFX Application Thread] DEBUG PrimaryStageWindow   - Scene size: 1511.0 x 864.0
15:12:15.189 [JavaFX Application Thread] DEBUG PrimaryStageWindow   - Stage size: 1525.5999755859375 x 901.5999755859375
15:12:15.193 [FXGL Background Thread 1 ] DEBUG Engine               - Initializing environment variables
15:12:15.235 [FXGL Background Thread 1 ] DEBUG FXGLAssetLoaderServi - User app class for loading assets: class org.overb.arkanoidfx.ArkanoidApp
15:12:15.235 [FXGL Background Thread 1 ] DEBUG GameApplicationServi - Applying CSS: fxgl_dark.css
15:12:15.236 [FXGL Background Thread 1 ] DEBUG FXGLAssetLoaderServi - Loading from file system: jar:file:/C:/Users/admin/.m2/repository/com/github/almasb/fxgl/21.1/fxgl-21.1.jar!/fxglassets/ui/css/fxgl_dark.css
15:12:15.271 [FXGL Background Thread 1 ] DEBUG GameApplicationServi - Initializing application scenes
15:12:15.307 [FXGL Background Thread 1 ] DEBUG GameWorld            - Game world initialized
15:12:15.343 [FXGL Background Thread 1 ] DEBUG PhysicsWorld         - Physics world initialized: appHeight=1080, physics.ppm=50.0
15:12:15.343 [FXGL Background Thread 1 ] DEBUG PhysicsWorld         - Using strategy: BRUTE_FORCE
15:12:15.347 [FXGL Background Thread 1 ] DEBUG GameScene            - Game scene initialized: 1920x1080
15:12:15.347 [FXGL Background Thread 1 ] DEBUG GameApplicationServi - Application scenes initialized
15:12:15.363 [FXGL Background Thread 1 ] DEBUG SystemBundleService  - Loading default FXGL system data
15:12:15.363 [FXGL Background Thread 1 ] DEBUG UpdaterService       - Checking for updates
15:12:15.367 [FXGL Background Thread 4 ] DEBUG FXGLApplication      - Loading fonts
15:12:15.368 [FXGL Background Thread 1 ] DEBUG FXGLApplication      - Loading default localization
15:12:15.368 [FXGL Background Thread 4 ] DEBUG FXGLAssetLoaderServi - Loading from file system: jar:file:/C:/Users/admin/.m2/repository/com/github/almasb/fxgl/21.1/fxgl-21.1.jar!/fxglassets/ui/fonts/VarelaRound-Regular.ttf
15:12:15.368 [FXGL Background Thread 1 ] DEBUG FXGLAssetLoaderServi - Loading from file system: jar:file:/C:/Users/admin/.m2/repository/com/github/almasb/fxgl/21.1/fxgl-21.1.jar!/fxglassets/languages/english.lang
15:12:15.376 [FXGL Background Thread 4 ] DEBUG FXGLAssetLoaderServi - Loading from file system: jar:file:/C:/Users/admin/.m2/repository/com/github/almasb/fxgl/21.1/fxgl-21.1.jar!/fxglassets/ui/fonts/Abel-Regular.ttf
15:12:15.380 [FXGL Background Thread 4 ] DEBUG FXGLAssetLoaderServi - Loading from file system: jar:file:/C:/Users/admin/.m2/repository/com/github/almasb/fxgl/21.1/fxgl-21.1.jar!/fxglassets/ui/fonts/TerminalLandMono-Regular.otf
15:12:15.381 [FXGL Background Thread 1 ] INFO  FXGLApplication      - FXGL initialization took: 0.188 sec
15:12:15.384 [FXGL Background Thread 4 ] DEBUG FXGLAssetLoaderServi - Loading from file system: jar:file:/C:/Users/admin/.m2/repository/com/github/almasb/fxgl/21.1/fxgl-21.1.jar!/fxglassets/ui/fonts/Courier-Prime.ttf
15:12:15.388 [JavaFX Application Thread] DEBUG Input                - Registered new binding: action0 - Esc
15:12:15.389 [JavaFX Application Thread] DEBUG Input                - Registered new binding: action1 - LMB
15:12:15.389 [JavaFX Application Thread] DEBUG Input                - Registered new binding: action2 - F9
15:12:15.390 [JavaFX Application Thread] DEBUG Input                - Registered new binding: action3 - F8
15:12:15.390 [JavaFX Application Thread] DEBUG Input                - Registered new binding: action4 - F7
15:12:15.390 [JavaFX Application Thread] DEBUG FXGLAssetLoaderServi - Loading from file system: jar:file:/C:/Users/admin/.m2/repository/com/github/almasb/fxgl/21.1/fxgl-21.1.jar!/fxglassets/textures/fxgl_icon.png
15:12:15.431 [JavaFX Application Thread] DEBUG FXGLAssetLoaderServi - Loading from file system: jar:file:/C:/Users/admin/.m2/repository/com/github/almasb/fxgl/21.1/fxgl-21.1.jar!/fxglassets/textures/fxgl_default_cursor.png
15:12:15.432 [JavaFX Application Thread] DEBUG Input                - Registered new binding: Screenshot - CTRL+8
15:12:15.433 [JavaFX Application Thread] DEBUG Input                - Registered new binding: System info dump - CTRL+9
15:12:15.433 [JavaFX Application Thread] DEBUG Input                - Registered new binding: Restart - CTRL+R
15:12:15.433 [JavaFX Application Thread] DEBUG Input                - Registered new binding: Toggle Debug Camera - CTRL+7
15:12:15.435 [JavaFX Application Thread] DEBUG LoopRunner           - Starting loop
15:12:15.435 [JavaFX Application Thread] DEBUG LoopRunner           - Initializing JavaFX AnimationTimerLoop
15:12:15.436 [JavaFX Application Thread] DEBUG GameApplicationServi - Starting new game
15:12:15.437 [JavaFX Application Thread] DEBUG Input                - Clearing active input actions
15:12:15.446 [JavaFX Application Thread] DEBUG GameApplicationServi - Removing overlay from FXGLStartupScene and adding to FXGLLoadingScene
15:12:15.446 [JavaFX Application Thread] DEBUG PrimaryStageWindow   - FXGLStartupScene -> FXGLLoadingScene
15:12:15.446 [JavaFX Application Thread] DEBUG GameApplicationServi - Clearing previous game
15:12:15.446 [JavaFX Application Thread] DEBUG GameScene            - Clearing game scene
15:12:15.447 [JavaFX Application Thread] DEBUG GameWorld            - Clearing game world
15:12:15.447 [JavaFX Application Thread] DEBUG PhysicsWorld         - Clearing physics world
15:12:15.448 [FXGL Background Thread 4 ] DEBUG FXGLApplication      - Initializing game
15:12:15.449 [JavaFX Application Thread] DEBUG FXGLApplication      - Registering font factories with UI factory
15:12:15.560 [FXGL Background Thread 4 ] DEBUG FXGLAssetLoaderServi - Loading from file system: file:/C:/Users/admin/Downloads/ArkanoidFX-main/ArkanoidFX-main/target/classes/assets/text/bricks.json
15:12:15.643 [FXGL Background Thread 4 ] DEBUG FXGLAssetLoaderServi - Loading from file system: file:/C:/Users/admin/Downloads/ArkanoidFX-main/ArkanoidFX-main/target/classes/assets/text/surprises.json
15:12:15.648 [FXGL Background Thread 4 ] DEBUG FXGLAssetLoaderServi - Loading from file system: file:/C:/Users/admin/Downloads/ArkanoidFX-main/ArkanoidFX-main/target/classes/assets/text/balls.json
15:12:15.653 [FXGL Background Thread 4 ] DEBUG FXGLAssetLoaderServi - Loading from file system: file:/C:/Users/admin/Downloads/ArkanoidFX-main/ArkanoidFX-main/target/classes/assets/text/paddles.json
15:12:16.352 [FXGL Background Thread 4 ] INFO  FXGLApplication      - Game initialization took: 0.904 sec
15:12:16.362 [JavaFX Application Thread] DEBUG Input                - Clearing active input actions
15:12:16.366 [JavaFX Application Thread] DEBUG GameApplicationServi - Removing overlay from FXGLLoadingScene and adding to GameScene
15:12:16.366 [JavaFX Application Thread] DEBUG PrimaryStageWindow   - FXGLLoadingScene -> GameScene
15:12:18.366 [FXGL Background Thread 3 ] DEBUG Engine               - Logging environment variables
15:12:18.367 [FXGL Background Thread 3 ] DEBUG Engine               - achievements: []
15:12:18.367 [FXGL Background Thread 3 ] DEBUG Engine               - actualHeight: 864.0
15:12:18.367 [FXGL Background Thread 3 ] DEBUG Engine               - actualHeightProperty: ReadOnlyDoubleProperty [value: 1080.0]
15:12:18.367 [FXGL Background Thread 3 ] DEBUG Engine               - actualWidth: 1511.0
15:12:18.367 [FXGL Background Thread 3 ] DEBUG Engine               - actualWidthProperty: ReadOnlyDoubleProperty [value: 1920.5999755859375]
15:12:18.367 [FXGL Background Thread 3 ] DEBUG Engine               - appIcon: fxgl_icon.png
15:12:18.367 [FXGL Background Thread 3 ] DEBUG Engine               - applicationMode: DEVELOPER
15:12:18.367 [FXGL Background Thread 3 ] DEBUG Engine               - cSSList: [fxgl_dark.css]
15:12:18.367 [FXGL Background Thread 3 ] DEBUG Engine               - collisionDetectionStrategy: BRUTE_FORCE
15:12:18.367 [FXGL Background Thread 3 ] DEBUG Engine               - configClass: Optional.empty
15:12:18.367 [FXGL Background Thread 3 ] DEBUG Engine               - credits: []
15:12:18.369 [FXGL Background Thread 3 ] DEBUG Engine               - defaultCursor: CursorInfo(imageName=fxgl_default_cursor.png, hotspotX=7.0, hotspotY=6.0)
15:12:18.369 [FXGL Background Thread 3 ] DEBUG Engine               - devBBoxColorProperty: ObjectProperty [value: 0xff0000ff]
15:12:18.369 [FXGL Background Thread 3 ] DEBUG Engine               - devEnableDebugCameraProperty: BooleanProperty [value: false]
15:12:18.369 [FXGL Background Thread 3 ] DEBUG Engine               - devSensorColorProperty: ObjectProperty [value: 0xffff00ff]
15:12:18.369 [FXGL Background Thread 3 ] DEBUG Engine               - devShowBBoxProperty: BooleanProperty [value: false]
15:12:18.369 [FXGL Background Thread 3 ] DEBUG Engine               - devShowPositionProperty: BooleanProperty [value: false]
15:12:18.369 [FXGL Background Thread 3 ] DEBUG Engine               - enabledMenuItems: []
15:12:18.369 [FXGL Background Thread 3 ] DEBUG Engine               - engineServices: [class com.almasb.fxgl.app.services.FXGLAssetLoaderService, class com.almasb.fxgl.app.FXGLApplication$GameApplicationService, class com.almasb.fxgl.app.services.FXGLDialogService, class com.almasb.fxgl.app.services.IOTaskExecutorService, class com.almasb.fxgl.io.FileSystemService, class com.almasb.fxgl.localization.LocalizationService, class com.almasb.fxgl.app.services.SystemBundleService, class com.almasb.fxgl.profile.SaveLoadService, class com.almasb.fxgl.ui.FXGLUIFactoryServiceProvider, class com.almasb.fxgl.ui.FXGLDialogFactoryServiceProvider, class com.almasb.fxgl.audio.AudioPlayer, class com.almasb.fxgl.notification.impl.NotificationServiceProvider, class com.almasb.fxgl.achievement.AchievementService, class com.almasb.fxgl.cutscene.CutsceneService, class com.almasb.fxgl.minigames.MiniGameService, class com.almasb.fxgl.net.NetService, class com.almasb.fxgl.app.services.UpdaterService, class com.almasb.fxgl.dev.DevService]
15:12:18.369 [FXGL Background Thread 3 ] DEBUG Engine               - fontGame: Abel-Regular.ttf
15:12:18.369 [FXGL Background Thread 3 ] DEBUG Engine               - fontMono: TerminalLandMono-Regular.otf
15:12:18.369 [FXGL Background Thread 3 ] DEBUG Engine               - fontSizeScaleUI: 1.0
15:12:18.369 [FXGL Background Thread 3 ] DEBUG Engine               - fontText: Courier-Prime.ttf
15:12:18.369 [FXGL Background Thread 3 ] DEBUG Engine               - fontUI: VarelaRound-Regular.ttf
15:12:18.369 [FXGL Background Thread 3 ] DEBUG Engine               - fullScreen: BooleanProperty [value: false]
15:12:18.369 [FXGL Background Thread 3 ] DEBUG Engine               - gameDifficulty: MEDIUM
15:12:18.371 [FXGL Background Thread 3 ] DEBUG Engine               - gameDifficultyProperty: ObjectProperty [value: MEDIUM]
15:12:18.371 [FXGL Background Thread 3 ] DEBUG Engine               - globalMusicVolume: 0.5
15:12:18.371 [FXGL Background Thread 3 ] DEBUG Engine               - globalMusicVolumeProperty: DoubleProperty [value: 0.5]
15:12:18.371 [FXGL Background Thread 3 ] DEBUG Engine               - globalSoundVolume: 0.5
15:12:18.371 [FXGL Background Thread 3 ] DEBUG Engine               - globalSoundVolumeProperty: DoubleProperty [value: 0.5]
15:12:18.371 [FXGL Background Thread 3 ] DEBUG Engine               - height: 1080
15:12:18.371 [FXGL Background Thread 3 ] DEBUG Engine               - is3D: false
15:12:18.371 [FXGL Background Thread 3 ] DEBUG Engine               - isAndroid: false
15:12:18.371 [FXGL Background Thread 3 ] DEBUG Engine               - isBrowser: false
15:12:18.371 [FXGL Background Thread 3 ] DEBUG Engine               - isClickFeedbackEnabled: false
15:12:18.371 [FXGL Background Thread 3 ] DEBUG Engine               - isCloseConfirmation: false
15:12:18.371 [FXGL Background Thread 3 ] DEBUG Engine               - isDesktop: true
15:12:18.371 [FXGL Background Thread 3 ] DEBUG Engine               - isDeveloperMenuEnabled: false
15:12:18.371 [FXGL Background Thread 3 ] DEBUG Engine               - isEmbedded: false
15:12:18.371 [FXGL Background Thread 3 ] DEBUG Engine               - isEntityPreloadEnabled: true
15:12:18.371 [FXGL Background Thread 3 ] DEBUG Engine               - isExperimentalTiledLargeMap: false
15:12:18.371 [FXGL Background Thread 3 ] DEBUG Engine               - isFileSystemWriteAllowed: true
15:12:18.371 [FXGL Background Thread 3 ] DEBUG Engine               - isFullScreenAllowed: true
15:12:18.371 [FXGL Background Thread 3 ] DEBUG Engine               - isFullScreenFromStart: false
15:12:18.371 [FXGL Background Thread 3 ] DEBUG Engine               - isGameMenuEnabled: false
15:12:18.371 [FXGL Background Thread 3 ] DEBUG Engine               - isIOS: false
15:12:18.371 [FXGL Background Thread 3 ] DEBUG Engine               - isIntroEnabled: false
15:12:18.371 [FXGL Background Thread 3 ] DEBUG Engine               - isLinux: false
15:12:18.371 [FXGL Background Thread 3 ] DEBUG Engine               - isMac: false
15:12:18.372 [FXGL Background Thread 3 ] DEBUG Engine               - isMainMenuEnabled: false
15:12:18.372 [FXGL Background Thread 3 ] DEBUG Engine               - isManualResizeEnabled: false
15:12:18.372 [FXGL Background Thread 3 ] DEBUG Engine               - isMobile: false
15:12:18.372 [FXGL Background Thread 3 ] DEBUG Engine               - isNative: false
15:12:18.372 [FXGL Background Thread 3 ] DEBUG Engine               - isPauseMusicWhenMinimized: true
15:12:18.372 [FXGL Background Thread 3 ] DEBUG Engine               - isPreserveResizeRatio: false
15:12:18.372 [FXGL Background Thread 3 ] DEBUG Engine               - isProfilingEnabled: false
15:12:18.372 [FXGL Background Thread 3 ] DEBUG Engine               - isScaleAffectedOnResize: true
15:12:18.372 [FXGL Background Thread 3 ] DEBUG Engine               - isSingleStep: false
15:12:18.372 [FXGL Background Thread 3 ] DEBUG Engine               - isUserProfileEnabled: false
15:12:18.372 [FXGL Background Thread 3 ] DEBUG Engine               - isWindows: true
15:12:18.372 [FXGL Background Thread 3 ] DEBUG Engine               - language: ObjectProperty [value: ENGLISH]
15:12:18.372 [FXGL Background Thread 3 ] DEBUG Engine               - menuKey: ESCAPE
15:12:18.372 [FXGL Background Thread 3 ] DEBUG Engine               - mouseSensitivity: 0.2
15:12:18.372 [FXGL Background Thread 3 ] DEBUG Engine               - notificationViewClass: class com.almasb.fxgl.notification.view.XboxNotificationView
15:12:18.372 [FXGL Background Thread 3 ] DEBUG Engine               - pixelsPerMeter: 50.0
15:12:18.372 [FXGL Background Thread 3 ] DEBUG Engine               - platform: WINDOWS
15:12:18.372 [FXGL Background Thread 3 ] DEBUG Engine               - prefHeightProperty: ReadOnlyDoubleProperty [value: 1080.0]
15:12:18.372 [FXGL Background Thread 3 ] DEBUG Engine               - prefWidthProperty: ReadOnlyDoubleProperty [value: 1920.0]
15:12:18.372 [FXGL Background Thread 3 ] DEBUG Engine               - profileDir: profiles/
15:12:18.372 [FXGL Background Thread 3 ] DEBUG Engine               - profileName: StringProperty [value: DEFAULT]
15:12:18.373 [FXGL Background Thread 3 ] DEBUG Engine               - randomSeed: -1
15:12:18.373 [FXGL Background Thread 3 ] DEBUG Engine               - runtimeInfo: RuntimeInfo(platform=WINDOWS, version=21.1, build=27.03.2024 07.52)
15:12:18.373 [FXGL Background Thread 3 ] DEBUG Engine               - saveFileExt: sav
15:12:18.373 [FXGL Background Thread 3 ] DEBUG Engine               - scaledHeightProp$fxgl: DoubleProperty [bound, value: 1080.0]
15:12:18.373 [FXGL Background Thread 3 ] DEBUG Engine               - scaledWidthProp$fxgl: DoubleProperty [bound, value: 1920.5999755859375]
15:12:18.373 [FXGL Background Thread 3 ] DEBUG Engine               - sceneFactory: com.almasb.fxgl.app.scene.SceneFactory@c0ea112
15:12:18.373 [FXGL Background Thread 3 ] DEBUG Engine               - secondsIn24h: 60
15:12:18.373 [FXGL Background Thread 3 ] DEBUG Engine               - soundMenuBack: menu/back.wav
15:12:18.373 [FXGL Background Thread 3 ] DEBUG Engine               - soundMenuPress: menu/press.wav
15:12:18.373 [FXGL Background Thread 3 ] DEBUG Engine               - soundMenuSelect: menu/select.wav
15:12:18.373 [FXGL Background Thread 3 ] DEBUG Engine               - soundNotification: core/notification.wav
15:12:18.373 [FXGL Background Thread 3 ] DEBUG Engine               - stageStyle: DECORATED
15:12:18.373 [FXGL Background Thread 3 ] DEBUG Engine               - supportedLanguages: [ENGLISH, FRENCH, GERMAN, HUNGARIAN, RUSSIAN]
15:12:18.373 [FXGL Background Thread 3 ] DEBUG Engine               - ticksPerSecond: -1
15:12:18.373 [FXGL Background Thread 3 ] DEBUG Engine               - title: Arkanoid FX
15:12:18.373 [FXGL Background Thread 3 ] DEBUG Engine               - urlGithub: https://github.com/AlmasB/FXGL
15:12:18.373 [FXGL Background Thread 3 ] DEBUG Engine               - urlLeaderboard: http://fxgl-top.herokuapp.com/
15:12:18.373 [FXGL Background Thread 3 ] DEBUG Engine               - urlPOM: https://raw.githubusercontent.com/AlmasB/FXGL/release/README.md
15:12:18.373 [FXGL Background Thread 3 ] DEBUG Engine               - userAppClass: class org.overb.arkanoidfx.ArkanoidApp
15:12:18.373 [FXGL Background Thread 3 ] DEBUG Engine               - version: 0.4
15:12:18.373 [FXGL Background Thread 3 ] DEBUG Engine               - versionCheckDays: 7
15:12:18.373 [FXGL Background Thread 3 ] DEBUG Engine               - width: 1920
15:12:18.373 [FXGL Background Thread 3 ] DEBUG Engine               - Logging services
15:12:18.373 [FXGL Background Thread 3 ] DEBUG Engine               - class com.almasb.fxgl.app.services.FXGLAssetLoaderService
15:12:18.373 [FXGL Background Thread 3 ] DEBUG Engine               - class com.almasb.fxgl.app.FXGLApplication$GameApplicationService
15:12:18.373 [FXGL Background Thread 3 ] DEBUG Engine               - class com.almasb.fxgl.app.services.FXGLDialogService
15:12:18.373 [FXGL Background Thread 3 ] DEBUG Engine               - class com.almasb.fxgl.app.services.IOTaskExecutorService
15:12:18.373 [FXGL Background Thread 3 ] DEBUG Engine               - class com.almasb.fxgl.io.FileSystemService
15:12:18.373 [FXGL Background Thread 3 ] DEBUG Engine               - class com.almasb.fxgl.localization.LocalizationService
15:12:18.373 [FXGL Background Thread 3 ] DEBUG Engine               - class com.almasb.fxgl.app.services.SystemBundleService
15:12:18.373 [FXGL Background Thread 3 ] DEBUG Engine               - class com.almasb.fxgl.profile.SaveLoadService
15:12:18.373 [FXGL Background Thread 3 ] DEBUG Engine               - class com.almasb.fxgl.ui.FXGLUIFactoryServiceProvider
15:12:18.373 [FXGL Background Thread 3 ] DEBUG Engine               - class com.almasb.fxgl.ui.FXGLDialogFactoryServiceProvider
15:12:18.373 [FXGL Background Thread 3 ] DEBUG Engine               - class com.almasb.fxgl.audio.AudioPlayer
15:12:18.373 [FXGL Background Thread 3 ] DEBUG Engine               - class com.almasb.fxgl.notification.impl.NotificationServiceProvider
15:12:18.373 [FXGL Background Thread 3 ] DEBUG Engine               - class com.almasb.fxgl.achievement.AchievementService
15:12:18.373 [FXGL Background Thread 3 ] DEBUG Engine               - class com.almasb.fxgl.cutscene.CutsceneService
15:12:18.373 [FXGL Background Thread 3 ] DEBUG Engine               - class com.almasb.fxgl.minigames.MiniGameService
15:12:18.373 [FXGL Background Thread 3 ] DEBUG Engine               - class com.almasb.fxgl.net.NetService
15:12:18.373 [FXGL Background Thread 3 ] DEBUG Engine               - class com.almasb.fxgl.app.services.UpdaterService
15:12:18.373 [FXGL Background Thread 3 ] DEBUG Engine               - class com.almasb.fxgl.dev.DevService
15:12:18.459 [JavaFX Application Thread] DEBUG FXGLAssetLoaderServi - Loading from file system: file:/C:/Users/admin/Downloads/ArkanoidFX-main/ArkanoidFX-main/target/classes/assets/textures/brick_glass.png
15:12:18.486 [JavaFX Application Thread] DEBUG FXGLAssetLoaderServi - Loading from file system: file:/C:/Users/admin/Downloads/ArkanoidFX-main/ArkanoidFX-main/target/classes/assets/textures/paddle_basic.png
15:12:18.495 [JavaFX Application Thread] DEBUG FXGLAssetLoaderServi - Loading from file system: file:/C:/Users/admin/Downloads/ArkanoidFX-main/ArkanoidFX-main/target/classes/assets/textures/ball_default.png
15:12:24.689 [JavaFX Application Thread] DEBUG FXGLAssetLoaderServi - Loading from file system: file:/C:/Users/admin/Downloads/ArkanoidFX-main/ArkanoidFX-main/target/classes/assets/textures/surprise_life.png
15:12:24.710 [JavaFX Application Thread] DEBUG FXGLAssetLoaderServi - Loading from file system: file:/C:/Users/admin/Downloads/ArkanoidFX-main/ArkanoidFX-main/target/classes/assets/textures/brick_glass_break.png
15:12:28.623 [JavaFX Application Thread] DEBUG LoopRunner           - Pausing loop
15:12:33.434 [JavaFX Application Thread] DEBUG LoopRunner           - Resuming loop
15:12:55.216 [JavaFX Application Thread] DEBUG FXGLAssetLoaderServi - Loading from file system: file:/C:/Users/admin/Downloads/ArkanoidFX-main/ArkanoidFX-main/target/classes/assets/textures/surprise_shield.png
15:13:02.544 [JavaFX Application Thread] DEBUG FXGLAssetLoaderServi - Loading from file system: file:/C:/Users/admin/Downloads/ArkanoidFX-main/ArkanoidFX-main/target/classes/assets/textures/surprise_multiball.png
15:13:40.900 [JavaFX Application Thread] DEBUG LoopRunner           - Pausing loop
15:13:42.964 [JavaFX Application Thread] DEBUG LoopRunner           - Resuming loop
15:14:56.870 [JavaFX Application Thread] DEBUG LoopRunner           - Pausing loop
15:15:00.409 [JavaFX Application Thread] DEBUG FXGLAssetLoaderServi - Loading from file system: file:/C:/Users/admin/Downloads/ArkanoidFX-main/ArkanoidFX-main/target/classes/assets/textures/brick_regular.png
15:15:00.417 [JavaFX Application Thread] DEBUG FXGLAssetLoaderServi - Loading from file system: file:/C:/Users/admin/Downloads/ArkanoidFX-main/ArkanoidFX-main/target/classes/assets/textures/brick_rubber.png
15:15:00.420 [JavaFX Application Thread] DEBUG FXGLAssetLoaderServi - Loading from file system: file:/C:/Users/admin/Downloads/ArkanoidFX-main/ArkanoidFX-main/target/classes/assets/textures/paddle_neon.png
15:15:00.525 [JavaFX Application Thread] DEBUG LoopRunner           - Resuming loop
15:15:11.002 [JavaFX Application Thread] DEBUG LoopRunner           - Pausing loop
15:15:15.462 [JavaFX Application Thread] DEBUG FXGLApplication      - Exiting FXGL
15:15:15.462 [JavaFX Application Thread] DEBUG LoopRunner           - Stopping loop
15:15:15.462 [JavaFX Application Thread] DEBUG SystemBundleService  - Saving FXGL system data
15:15:15.464 [JavaFX Application Thread] DEBUG FileSystemAccess     - Writing to: C:\Users\admin\Downloads\ArkanoidFX-main\ArkanoidFX-main\system\fxgl.bundle
15:15:15.467 [JavaFX Application Thread] DEBUG Async                - Shutting down background threads
15:15:15.467 [JavaFX Application Thread] DEBUG PrimaryStageWindow   - Closing main window
15:15:15.488 [JavaFX Application Thread] DEBUG Logger               - Closing Logger
