07:05:23.394 [main                     ] DEBUG Logger               - Configured Logger
07:05:23.398 [main                     ] DEBUG GameApplication      - Logging settings
Title: Arkanoid FX
Version: 0.4
Width: 1920
Height: 1080
Fullscreen: true
Intro: false
Profiling: false
Single step:false
App Mode: DEVELOPER
Menu Key: ESCAPE
Stage Style: DECORATED
Scene Factory: class com.almasb.fxgl.app.scene.SceneFactory

07:05:23.916 [JavaFX Application Thread] DEBUG FXGLApplication      - Initializing FXGL
07:05:23.918 [JavaFX Application Thread] INFO  Engine               - FXGL-21.1 (27.03.2024 07.52) on WINDOWS (J:25 FX:21.0.8)
07:05:23.919 [JavaFX Application Thread] DEBUG Engine               - JRE Vendor Name: Oracle Corporation
07:05:23.919 [JavaFX Application Thread] DEBUG Engine               - Running on OS: Windows 11 version 10.0
07:05:23.919 [JavaFX Application Thread] DEBUG Engine               - Architecture: amd64
07:05:23.919 [JavaFX Application Thread] INFO  Engine               - Source code and latest versions at: https://github.com/AlmasB/FXGL
07:05:23.919 [JavaFX Application Thread] INFO  Engine               -       Ask questions and discuss at: https://github.com/AlmasB/FXGL/discussions
07:05:23.919 [JavaFX Application Thread] INFO  Engine               -              Join the FXGL chat at: https://gitter.im/AlmasB/FXGL
07:05:24.020 [JavaFX Application Thread] DEBUG PrimaryStageWindow   - Creating a JavaFX scene
07:05:24.020 [JavaFX Application Thread] DEBUG PrimaryStageWindow   - Target size > screen size
07:05:24.063 [JavaFX Application Thread] DEBUG PrimaryStageWindow   - Target settings size: 1920.0 x 1080.0
07:05:24.063 [JavaFX Application Thread] DEBUG PrimaryStageWindow   - Scaled scene size:    1511.0 x 864.0
07:05:24.063 [JavaFX Application Thread] DEBUG PrimaryStageWindow   - Scaled ratio: (0.7869791666666667, 0.8)
07:05:24.064 [JavaFX Application Thread] DEBUG PrimaryStageWindow   - Set initial scene to FXGLStartupScene
07:05:24.067 [JavaFX Application Thread] DEBUG PrimaryStageWindow   - Opening main window
07:05:24.167 [JavaFX Application Thread] DEBUG PrimaryStageWindow   - Window border size: (14.5999755859375, 37.5999755859375)
07:05:24.167 [JavaFX Application Thread] DEBUG PrimaryStageWindow   - Scaled size: 1511.0 x 864.0
07:05:24.167 [JavaFX Application Thread] DEBUG PrimaryStageWindow   - Scaled ratio: (0.7869791666666667, 0.8)
07:05:24.168 [JavaFX Application Thread] DEBUG PrimaryStageWindow   - Scene size: 1511.0 x 864.0
07:05:24.168 [JavaFX Application Thread] DEBUG PrimaryStageWindow   - Stage size: 1525.5999755859375 x 901.5999755859375
07:05:24.174 [FXGL Background Thread 1 ] DEBUG Engine               - Initializing environment variables
07:05:24.206 [FXGL Background Thread 1 ] DEBUG FXGLAssetLoaderServi - User app class for loading assets: class org.overb.arkanoidfx.ArkanoidApp
07:05:24.206 [FXGL Background Thread 1 ] DEBUG GameApplicationServi - Applying CSS: fxgl_dark.css
07:05:24.207 [FXGL Background Thread 1 ] DEBUG FXGLAssetLoaderServi - Loading from file system: jar:file:/C:/Users/admin/.m2/repository/com/github/almasb/fxgl/21.1/fxgl-21.1.jar!/fxglassets/ui/css/fxgl_dark.css
07:05:24.240 [FXGL Background Thread 1 ] DEBUG GameApplicationServi - Initializing application scenes
07:05:24.276 [FXGL Background Thread 1 ] DEBUG GameWorld            - Game world initialized
07:05:24.319 [FXGL Background Thread 1 ] DEBUG PhysicsWorld         - Physics world initialized: appHeight=1080, physics.ppm=50.0
07:05:24.319 [FXGL Background Thread 1 ] DEBUG PhysicsWorld         - Using strategy: BRUTE_FORCE
07:05:24.322 [FXGL Background Thread 1 ] DEBUG GameScene            - Game scene initialized: 1920x1080
07:05:24.322 [FXGL Background Thread 1 ] DEBUG GameApplicationServi - Application scenes initialized
07:05:24.337 [FXGL Background Thread 1 ] DEBUG SystemBundleService  - Loading FXGL system data
07:05:24.338 [FXGL Background Thread 1 ] DEBUG FileSystemAccess     - Reading from: D:\Game\system\fxgl.bundle
07:05:24.340 [FXGL Background Thread 1 ] DEBUG SystemBundleService  - Bundle FXGL: {}
07:05:24.341 [FXGL Background Thread 1 ] DEBUG UpdaterService       - Checking for updates
07:05:24.345 [FXGL Background Thread 4 ] DEBUG FXGLApplication      - Loading fonts
07:05:24.345 [FXGL Background Thread 4 ] DEBUG FXGLAssetLoaderServi - Loading from file system: jar:file:/C:/Users/admin/.m2/repository/com/github/almasb/fxgl/21.1/fxgl-21.1.jar!/fxglassets/ui/fonts/VarelaRound-Regular.ttf
07:05:24.345 [FXGL Background Thread 1 ] DEBUG FXGLApplication      - Loading default localization
07:05:24.346 [FXGL Background Thread 1 ] DEBUG FXGLAssetLoaderServi - Loading from file system: jar:file:/C:/Users/admin/.m2/repository/com/github/almasb/fxgl/21.1/fxgl-21.1.jar!/fxglassets/languages/english.lang
07:05:24.351 [FXGL Background Thread 4 ] DEBUG FXGLAssetLoaderServi - Loading from file system: jar:file:/C:/Users/admin/.m2/repository/com/github/almasb/fxgl/21.1/fxgl-21.1.jar!/fxglassets/ui/fonts/Abel-Regular.ttf
07:05:24.355 [FXGL Background Thread 4 ] DEBUG FXGLAssetLoaderServi - Loading from file system: jar:file:/C:/Users/admin/.m2/repository/com/github/almasb/fxgl/21.1/fxgl-21.1.jar!/fxglassets/ui/fonts/TerminalLandMono-Regular.otf
07:05:24.358 [FXGL Background Thread 4 ] DEBUG FXGLAssetLoaderServi - Loading from file system: jar:file:/C:/Users/admin/.m2/repository/com/github/almasb/fxgl/21.1/fxgl-21.1.jar!/fxglassets/ui/fonts/Courier-Prime.ttf
07:05:24.361 [FXGL Background Thread 1 ] INFO  FXGLApplication      - FXGL initialization took: 0.188 sec
07:05:24.368 [JavaFX Application Thread] DEBUG Input                - Registered new binding: action0 - Esc
07:05:24.369 [JavaFX Application Thread] DEBUG Input                - Registered new binding: action1 - LMB
07:05:24.370 [JavaFX Application Thread] DEBUG Input                - Registered new binding: action2 - F9
07:05:24.370 [JavaFX Application Thread] DEBUG Input                - Registered new binding: action3 - F8
07:05:24.370 [JavaFX Application Thread] DEBUG Input                - Registered new binding: action4 - F7
07:05:24.371 [JavaFX Application Thread] DEBUG FXGLAssetLoaderServi - Loading from file system: jar:file:/C:/Users/admin/.m2/repository/com/github/almasb/fxgl/21.1/fxgl-21.1.jar!/fxglassets/textures/fxgl_icon.png
07:05:24.398 [JavaFX Application Thread] DEBUG FXGLAssetLoaderServi - Loading from file system: jar:file:/C:/Users/admin/.m2/repository/com/github/almasb/fxgl/21.1/fxgl-21.1.jar!/fxglassets/textures/fxgl_default_cursor.png
07:05:24.399 [JavaFX Application Thread] DEBUG Input                - Registered new binding: Screenshot - CTRL+8
07:05:24.399 [JavaFX Application Thread] DEBUG Input                - Registered new binding: System info dump - CTRL+9
07:05:24.400 [JavaFX Application Thread] DEBUG Input                - Registered new binding: Restart - CTRL+R
07:05:24.400 [JavaFX Application Thread] DEBUG Input                - Registered new binding: Toggle Debug Camera - CTRL+7
07:05:24.409 [JavaFX Application Thread] DEBUG LoopRunner           - Starting loop
07:05:24.409 [JavaFX Application Thread] DEBUG LoopRunner           - Initializing JavaFX AnimationTimerLoop
07:05:24.414 [JavaFX Application Thread] DEBUG GameApplicationServi - Starting new game
07:05:24.415 [JavaFX Application Thread] DEBUG Input                - Clearing active input actions
07:05:24.428 [JavaFX Application Thread] DEBUG GameApplicationServi - Removing overlay from FXGLStartupScene and adding to FXGLLoadingScene
07:05:24.428 [JavaFX Application Thread] DEBUG PrimaryStageWindow   - FXGLStartupScene -> FXGLLoadingScene
07:05:24.428 [JavaFX Application Thread] DEBUG GameApplicationServi - Clearing previous game
07:05:24.428 [JavaFX Application Thread] DEBUG GameScene            - Clearing game scene
07:05:24.428 [JavaFX Application Thread] DEBUG GameWorld            - Clearing game world
07:05:24.428 [JavaFX Application Thread] DEBUG PhysicsWorld         - Clearing physics world
07:05:24.431 [FXGL Background Thread 4 ] DEBUG FXGLApplication      - Initializing game
07:05:24.432 [JavaFX Application Thread] DEBUG FXGLApplication      - Registering font factories with UI factory
07:05:24.612 [FXGL Background Thread 4 ] DEBUG FXGLAssetLoaderServi - Loading from file system: file:/D:/Game/target/classes/assets/text/bricks.json
07:05:24.699 [FXGL Background Thread 4 ] DEBUG FXGLAssetLoaderServi - Loading from file system: file:/D:/Game/target/classes/assets/text/surprises.json
07:05:24.704 [FXGL Background Thread 4 ] DEBUG FXGLAssetLoaderServi - Loading from file system: file:/D:/Game/target/classes/assets/text/balls.json
07:05:24.711 [FXGL Background Thread 4 ] DEBUG FXGLAssetLoaderServi - Loading from file system: file:/D:/Game/target/classes/assets/text/paddles.json
07:05:25.191 [FXGL Background Thread 4 ] INFO  FXGLApplication      - Game initialization took: 0.760 sec
07:05:25.196 [JavaFX Application Thread] DEBUG Input                - Clearing active input actions
07:05:25.202 [JavaFX Application Thread] DEBUG GameApplicationServi - Removing overlay from FXGLLoadingScene and adding to GameScene
07:05:25.202 [JavaFX Application Thread] DEBUG PrimaryStageWindow   - FXGLLoadingScene -> GameScene
07:05:27.344 [FXGL Background Thread 3 ] DEBUG Engine               - Logging environment variables
07:05:27.344 [FXGL Background Thread 3 ] DEBUG Engine               - achievements: []
07:05:27.344 [FXGL Background Thread 3 ] DEBUG Engine               - actualHeight: 864.0
07:05:27.344 [FXGL Background Thread 3 ] DEBUG Engine               - actualHeightProperty: ReadOnlyDoubleProperty [value: 720.0]
07:05:27.345 [FXGL Background Thread 3 ] DEBUG Engine               - actualWidth: 1511.0
07:05:27.345 [FXGL Background Thread 3 ] DEBUG Engine               - actualWidthProperty: ReadOnlyDoubleProperty [value: 1280.5999755859375]
07:05:27.345 [FXGL Background Thread 3 ] DEBUG Engine               - appIcon: fxgl_icon.png
07:05:27.345 [FXGL Background Thread 3 ] DEBUG Engine               - applicationMode: DEVELOPER
07:05:27.345 [FXGL Background Thread 3 ] DEBUG Engine               - cSSList: [fxgl_dark.css]
07:05:27.345 [FXGL Background Thread 3 ] DEBUG Engine               - collisionDetectionStrategy: BRUTE_FORCE
07:05:27.345 [FXGL Background Thread 3 ] DEBUG Engine               - configClass: Optional.empty
07:05:27.345 [FXGL Background Thread 3 ] DEBUG Engine               - credits: []
07:05:27.349 [FXGL Background Thread 3 ] DEBUG Engine               - defaultCursor: CursorInfo(imageName=fxgl_default_cursor.png, hotspotX=7.0, hotspotY=6.0)
07:05:27.349 [FXGL Background Thread 3 ] DEBUG Engine               - devBBoxColorProperty: ObjectProperty [value: 0xff0000ff]
07:05:27.349 [FXGL Background Thread 3 ] DEBUG Engine               - devEnableDebugCameraProperty: BooleanProperty [value: false]
07:05:27.349 [FXGL Background Thread 3 ] DEBUG Engine               - devSensorColorProperty: ObjectProperty [value: 0xffff00ff]
07:05:27.349 [FXGL Background Thread 3 ] DEBUG Engine               - devShowBBoxProperty: BooleanProperty [value: false]
07:05:27.349 [FXGL Background Thread 3 ] DEBUG Engine               - devShowPositionProperty: BooleanProperty [value: false]
07:05:27.349 [FXGL Background Thread 3 ] DEBUG Engine               - enabledMenuItems: []
07:05:27.349 [FXGL Background Thread 3 ] DEBUG Engine               - engineServices: [class com.almasb.fxgl.app.services.FXGLAssetLoaderService, class com.almasb.fxgl.app.FXGLApplication$GameApplicationService, class com.almasb.fxgl.app.services.FXGLDialogService, class com.almasb.fxgl.app.services.IOTaskExecutorService, class com.almasb.fxgl.io.FileSystemService, class com.almasb.fxgl.localization.LocalizationService, class com.almasb.fxgl.app.services.SystemBundleService, class com.almasb.fxgl.profile.SaveLoadService, class com.almasb.fxgl.ui.FXGLUIFactoryServiceProvider, class com.almasb.fxgl.ui.FXGLDialogFactoryServiceProvider, class com.almasb.fxgl.audio.AudioPlayer, class com.almasb.fxgl.notification.impl.NotificationServiceProvider, class com.almasb.fxgl.achievement.AchievementService, class com.almasb.fxgl.cutscene.CutsceneService, class com.almasb.fxgl.minigames.MiniGameService, class com.almasb.fxgl.net.NetService, class com.almasb.fxgl.app.services.UpdaterService, class com.almasb.fxgl.dev.DevService]
07:05:27.349 [FXGL Background Thread 3 ] DEBUG Engine               - fontGame: Abel-Regular.ttf
07:05:27.349 [FXGL Background Thread 3 ] DEBUG Engine               - fontMono: TerminalLandMono-Regular.otf
07:05:27.349 [FXGL Background Thread 3 ] DEBUG Engine               - fontSizeScaleUI: 1.0
07:05:27.349 [FXGL Background Thread 3 ] DEBUG Engine               - fontText: Courier-Prime.ttf
07:05:27.349 [FXGL Background Thread 3 ] DEBUG Engine               - fontUI: VarelaRound-Regular.ttf
07:05:27.349 [FXGL Background Thread 3 ] DEBUG Engine               - fullScreen: BooleanProperty [value: false]
07:05:27.350 [FXGL Background Thread 3 ] DEBUG Engine               - gameDifficulty: MEDIUM
07:05:27.350 [FXGL Background Thread 3 ] DEBUG Engine               - gameDifficultyProperty: ObjectProperty [value: MEDIUM]
07:05:27.350 [FXGL Background Thread 3 ] DEBUG Engine               - globalMusicVolume: 0.5
07:05:27.350 [FXGL Background Thread 3 ] DEBUG Engine               - globalMusicVolumeProperty: DoubleProperty [value: 0.5]
07:05:27.350 [FXGL Background Thread 3 ] DEBUG Engine               - globalSoundVolume: 0.5
07:05:27.350 [FXGL Background Thread 3 ] DEBUG Engine               - globalSoundVolumeProperty: DoubleProperty [value: 0.5]
07:05:27.350 [FXGL Background Thread 3 ] DEBUG Engine               - height: 1080
07:05:27.350 [FXGL Background Thread 3 ] DEBUG Engine               - is3D: false
07:05:27.350 [FXGL Background Thread 3 ] DEBUG Engine               - isAndroid: false
07:05:27.350 [FXGL Background Thread 3 ] DEBUG Engine               - isBrowser: false
07:05:27.350 [FXGL Background Thread 3 ] DEBUG Engine               - isClickFeedbackEnabled: false
07:05:27.350 [FXGL Background Thread 3 ] DEBUG Engine               - isCloseConfirmation: false
07:05:27.350 [FXGL Background Thread 3 ] DEBUG Engine               - isDesktop: true
07:05:27.350 [FXGL Background Thread 3 ] DEBUG Engine               - isDeveloperMenuEnabled: false
07:05:27.350 [FXGL Background Thread 3 ] DEBUG Engine               - isEmbedded: false
07:05:27.350 [FXGL Background Thread 3 ] DEBUG Engine               - isEntityPreloadEnabled: true
07:05:27.350 [FXGL Background Thread 3 ] DEBUG Engine               - isExperimentalTiledLargeMap: false
07:05:27.350 [FXGL Background Thread 3 ] DEBUG Engine               - isFileSystemWriteAllowed: true
07:05:27.350 [FXGL Background Thread 3 ] DEBUG Engine               - isFullScreenAllowed: true
07:05:27.350 [FXGL Background Thread 3 ] DEBUG Engine               - isFullScreenFromStart: false
07:05:27.351 [FXGL Background Thread 3 ] DEBUG Engine               - isGameMenuEnabled: false
07:05:27.351 [FXGL Background Thread 3 ] DEBUG Engine               - isIOS: false
07:05:27.351 [FXGL Background Thread 3 ] DEBUG Engine               - isIntroEnabled: false
07:05:27.351 [FXGL Background Thread 3 ] DEBUG Engine               - isLinux: false
07:05:27.351 [FXGL Background Thread 3 ] DEBUG Engine               - isMac: false
07:05:27.351 [FXGL Background Thread 3 ] DEBUG Engine               - isMainMenuEnabled: false
07:05:27.351 [FXGL Background Thread 3 ] DEBUG Engine               - isManualResizeEnabled: false
07:05:27.351 [FXGL Background Thread 3 ] DEBUG Engine               - isMobile: false
07:05:27.351 [FXGL Background Thread 3 ] DEBUG Engine               - isNative: false
07:05:27.351 [FXGL Background Thread 3 ] DEBUG Engine               - isPauseMusicWhenMinimized: true
07:05:27.351 [FXGL Background Thread 3 ] DEBUG Engine               - isPreserveResizeRatio: false
07:05:27.351 [FXGL Background Thread 3 ] DEBUG Engine               - isProfilingEnabled: false
07:05:27.351 [FXGL Background Thread 3 ] DEBUG Engine               - isScaleAffectedOnResize: true
07:05:27.351 [FXGL Background Thread 3 ] DEBUG Engine               - isSingleStep: false
07:05:27.351 [FXGL Background Thread 3 ] DEBUG Engine               - isUserProfileEnabled: false
07:05:27.351 [FXGL Background Thread 3 ] DEBUG Engine               - isWindows: true
07:05:27.351 [FXGL Background Thread 3 ] DEBUG Engine               - language: ObjectProperty [value: ENGLISH]
07:05:27.351 [FXGL Background Thread 3 ] DEBUG Engine               - menuKey: ESCAPE
07:05:27.351 [FXGL Background Thread 3 ] DEBUG Engine               - mouseSensitivity: 0.2
07:05:27.351 [FXGL Background Thread 3 ] DEBUG Engine               - notificationViewClass: class com.almasb.fxgl.notification.view.XboxNotificationView
07:05:27.351 [FXGL Background Thread 3 ] DEBUG Engine               - pixelsPerMeter: 50.0
07:05:27.351 [FXGL Background Thread 3 ] DEBUG Engine               - platform: WINDOWS
07:05:27.351 [FXGL Background Thread 3 ] DEBUG Engine               - prefHeightProperty: ReadOnlyDoubleProperty [value: 1080.0]
07:05:27.352 [FXGL Background Thread 3 ] DEBUG Engine               - prefWidthProperty: ReadOnlyDoubleProperty [value: 1920.0]
07:05:27.352 [FXGL Background Thread 3 ] DEBUG Engine               - profileDir: profiles/
07:05:27.352 [FXGL Background Thread 3 ] DEBUG Engine               - profileName: StringProperty [value: DEFAULT]
07:05:27.352 [FXGL Background Thread 3 ] DEBUG Engine               - randomSeed: -1
07:05:27.352 [FXGL Background Thread 3 ] DEBUG Engine               - runtimeInfo: RuntimeInfo(platform=WINDOWS, version=21.1, build=27.03.2024 07.52)
07:05:27.352 [FXGL Background Thread 3 ] DEBUG Engine               - saveFileExt: sav
07:05:27.352 [FXGL Background Thread 3 ] DEBUG Engine               - scaledHeightProp$fxgl: DoubleProperty [bound, value: 720.0]
07:05:27.352 [FXGL Background Thread 3 ] DEBUG Engine               - scaledWidthProp$fxgl: DoubleProperty [bound, value: 1280.5999755859375]
07:05:27.352 [FXGL Background Thread 3 ] DEBUG Engine               - sceneFactory: com.almasb.fxgl.app.scene.SceneFactory@59a40df4
07:05:27.352 [FXGL Background Thread 3 ] DEBUG Engine               - secondsIn24h: 60
07:05:27.352 [FXGL Background Thread 3 ] DEBUG Engine               - soundMenuBack: menu/back.wav
07:05:27.352 [FXGL Background Thread 3 ] DEBUG Engine               - soundMenuPress: menu/press.wav
07:05:27.352 [FXGL Background Thread 3 ] DEBUG Engine               - soundMenuSelect: menu/select.wav
07:05:27.352 [FXGL Background Thread 3 ] DEBUG Engine               - soundNotification: core/notification.wav
07:05:27.352 [FXGL Background Thread 3 ] DEBUG Engine               - stageStyle: DECORATED
07:05:27.352 [FXGL Background Thread 3 ] DEBUG Engine               - supportedLanguages: [ENGLISH, FRENCH, GERMAN, HUNGARIAN, RUSSIAN]
07:05:27.352 [FXGL Background Thread 3 ] DEBUG Engine               - ticksPerSecond: -1
07:05:27.352 [FXGL Background Thread 3 ] DEBUG Engine               - title: Arkanoid FX
07:05:27.352 [FXGL Background Thread 3 ] DEBUG Engine               - urlGithub: https://github.com/AlmasB/FXGL
07:05:27.352 [FXGL Background Thread 3 ] DEBUG Engine               - urlLeaderboard: http://fxgl-top.herokuapp.com/
07:05:27.352 [FXGL Background Thread 3 ] DEBUG Engine               - urlPOM: https://raw.githubusercontent.com/AlmasB/FXGL/release/README.md
07:05:27.352 [FXGL Background Thread 3 ] DEBUG Engine               - userAppClass: class org.overb.arkanoidfx.ArkanoidApp
07:05:27.352 [FXGL Background Thread 3 ] DEBUG Engine               - version: 0.4
07:05:27.352 [FXGL Background Thread 3 ] DEBUG Engine               - versionCheckDays: 7
07:05:27.352 [FXGL Background Thread 3 ] DEBUG Engine               - width: 1920
07:05:27.352 [FXGL Background Thread 3 ] DEBUG Engine               - Logging services
07:05:27.352 [FXGL Background Thread 3 ] DEBUG Engine               - class com.almasb.fxgl.app.services.FXGLAssetLoaderService
07:05:27.352 [FXGL Background Thread 3 ] DEBUG Engine               - class com.almasb.fxgl.app.FXGLApplication$GameApplicationService
07:05:27.352 [FXGL Background Thread 3 ] DEBUG Engine               - class com.almasb.fxgl.app.services.FXGLDialogService
07:05:27.352 [FXGL Background Thread 3 ] DEBUG Engine               - class com.almasb.fxgl.app.services.IOTaskExecutorService
07:05:27.352 [FXGL Background Thread 3 ] DEBUG Engine               - class com.almasb.fxgl.io.FileSystemService
07:05:27.352 [FXGL Background Thread 3 ] DEBUG Engine               - class com.almasb.fxgl.localization.LocalizationService
07:05:27.352 [FXGL Background Thread 3 ] DEBUG Engine               - class com.almasb.fxgl.app.services.SystemBundleService
07:05:27.352 [FXGL Background Thread 3 ] DEBUG Engine               - class com.almasb.fxgl.profile.SaveLoadService
07:05:27.352 [FXGL Background Thread 3 ] DEBUG Engine               - class com.almasb.fxgl.ui.FXGLUIFactoryServiceProvider
07:05:27.352 [FXGL Background Thread 3 ] DEBUG Engine               - class com.almasb.fxgl.ui.FXGLDialogFactoryServiceProvider
07:05:27.352 [FXGL Background Thread 3 ] DEBUG Engine               - class com.almasb.fxgl.audio.AudioPlayer
07:05:27.352 [FXGL Background Thread 3 ] DEBUG Engine               - class com.almasb.fxgl.notification.impl.NotificationServiceProvider
07:05:27.352 [FXGL Background Thread 3 ] DEBUG Engine               - class com.almasb.fxgl.achievement.AchievementService
07:05:27.352 [FXGL Background Thread 3 ] DEBUG Engine               - class com.almasb.fxgl.cutscene.CutsceneService
07:05:27.352 [FXGL Background Thread 3 ] DEBUG Engine               - class com.almasb.fxgl.minigames.MiniGameService
07:05:27.352 [FXGL Background Thread 3 ] DEBUG Engine               - class com.almasb.fxgl.net.NetService
07:05:27.352 [FXGL Background Thread 3 ] DEBUG Engine               - class com.almasb.fxgl.app.services.UpdaterService
07:05:27.352 [FXGL Background Thread 3 ] DEBUG Engine               - class com.almasb.fxgl.dev.DevService
07:06:24.239 [JavaFX Application Thread] DEBUG FXGLAssetLoaderServi - Loading from file system: file:/D:/Game/target/classes/assets/textures/brick_glass.png
07:06:24.268 [JavaFX Application Thread] DEBUG FXGLAssetLoaderServi - Loading from file system: file:/D:/Game/target/classes/assets/textures/paddle_basic.png
07:06:24.280 [JavaFX Application Thread] DEBUG FXGLAssetLoaderServi - Loading from file system: file:/D:/Game/target/classes/assets/textures/ball_default.png
07:06:29.982 [JavaFX Application Thread] DEBUG FXGLAssetLoaderServi - Loading from file system: file:/D:/Game/target/classes/assets/textures/brick_glass_break.png
07:06:45.460 [JavaFX Application Thread] DEBUG FXGLAssetLoaderServi - Loading from file system: file:/D:/Game/target/classes/assets/textures/surprise_shield.png
07:06:56.277 [JavaFX Application Thread] DEBUG FXGLAssetLoaderServi - Loading from file system: file:/D:/Game/target/classes/assets/textures/surprise_multiball.png
07:06:58.740 [JavaFX Application Thread] DEBUG FXGLAssetLoaderServi - Loading from file system: file:/D:/Game/target/classes/assets/textures/surprise_life.png
07:07:14.778 [JavaFX Application Thread] DEBUG LoopRunner           - Pausing loop
07:07:20.395 [JavaFX Application Thread] DEBUG FXGLAssetLoaderServi - Loading from file system: file:/D:/Game/target/classes/assets/textures/brick_regular.png
07:07:20.405 [JavaFX Application Thread] DEBUG FXGLAssetLoaderServi - Loading from file system: file:/D:/Game/target/classes/assets/textures/brick_rubber.png
07:07:20.410 [JavaFX Application Thread] DEBUG FXGLAssetLoaderServi - Loading from file system: file:/D:/Game/target/classes/assets/textures/paddle_neon.png
07:07:20.461 [JavaFX Application Thread] DEBUG LoopRunner           - Resuming loop
07:07:29.625 [JavaFX Application Thread] DEBUG LoopRunner           - Pausing loop
07:07:31.384 [JavaFX Application Thread] DEBUG LoopRunner           - Resuming loop
07:07:39.235 [JavaFX Application Thread] DEBUG FXGLApplication      - Exiting FXGL
07:07:39.235 [JavaFX Application Thread] DEBUG LoopRunner           - Stopping loop
07:07:39.235 [JavaFX Application Thread] DEBUG SystemBundleService  - Saving FXGL system data
07:07:39.236 [JavaFX Application Thread] DEBUG FileSystemAccess     - Writing to: D:\Game\system\fxgl.bundle
07:07:39.237 [JavaFX Application Thread] DEBUG Async                - Shutting down background threads
07:07:39.237 [JavaFX Application Thread] DEBUG PrimaryStageWindow   - Closing main window
07:07:39.261 [JavaFX Application Thread] DEBUG Logger               - Closing Logger
